Determining if the off_t exist failed with the following output:
Change Dir: /mnt/c/matrov/code from git/MATE-ROV/target/debug/build/expat-sys-40f6f729992e86ae/out/build/CMakeFiles/CMakeTmp

Run Build Command(s):/usr/bin/gmake -f Makefile cmTC_84616/fast && /usr/bin/gmake  -f CMakeFiles/cmTC_84616.dir/build.make CMakeFiles/cmTC_84616.dir/build
gmake[1]: Entering directory '/mnt/c/matrov/code from git/MATE-ROV/target/debug/build/expat-sys-40f6f729992e86ae/out/build/CMakeFiles/CMakeTmp'
Building C object CMakeFiles/cmTC_84616.dir/CheckSymbolExists.c.o
/usr/bin/cc   -ffunction-sections -fdata-sections -fPIC -m64  -o CMakeFiles/cmTC_84616.dir/CheckSymbolExists.c.o -c "/mnt/c/matrov/code from git/MATE-ROV/target/debug/build/expat-sys-40f6f729992e86ae/out/build/CMakeFiles/CMakeTmp/CheckSymbolExists.c"
/mnt/c/matrov/code from git/MATE-ROV/target/debug/build/expat-sys-40f6f729992e86ae/out/build/CMakeFiles/CMakeTmp/CheckSymbolExists.c: In function ‘main’:
/mnt/c/matrov/code from git/MATE-ROV/target/debug/build/expat-sys-40f6f729992e86ae/out/build/CMakeFiles/CMakeTmp/CheckSymbolExists.c:8:19: error: expected expression before ‘off_t’
    8 |   return ((int*)(&off_t))[argc];
      |                   ^~~~~
gmake[1]: *** [CMakeFiles/cmTC_84616.dir/build.make:78: CMakeFiles/cmTC_84616.dir/CheckSymbolExists.c.o] Error 1
gmake[1]: Leaving directory '/mnt/c/matrov/code from git/MATE-ROV/target/debug/build/expat-sys-40f6f729992e86ae/out/build/CMakeFiles/CMakeTmp'
gmake: *** [Makefile:127: cmTC_84616/fast] Error 2


File /mnt/c/matrov/code from git/MATE-ROV/target/debug/build/expat-sys-40f6f729992e86ae/out/build/CMakeFiles/CMakeTmp/CheckSymbolExists.c:
/* */
#include <sys/types.h>

int main(int argc, char** argv)
{
  (void)argv;
#ifndef off_t
  return ((int*)(&off_t))[argc];
#else
  (void)argc;
  return 0;
#endif
}
Determining if the size_t exist failed with the following output:
Change Dir: /mnt/c/matrov/code from git/MATE-ROV/target/debug/build/expat-sys-40f6f729992e86ae/out/build/CMakeFiles/CMakeTmp

Run Build Command(s):/usr/bin/gmake -f Makefile cmTC_d7a59/fast && /usr/bin/gmake  -f CMakeFiles/cmTC_d7a59.dir/build.make CMakeFiles/cmTC_d7a59.dir/build
gmake[1]: Entering directory '/mnt/c/matrov/code from git/MATE-ROV/target/debug/build/expat-sys-40f6f729992e86ae/out/build/CMakeFiles/CMakeTmp'
Building C object CMakeFiles/cmTC_d7a59.dir/CheckSymbolExists.c.o
/usr/bin/cc   -ffunction-sections -fdata-sections -fPIC -m64  -o CMakeFiles/cmTC_d7a59.dir/CheckSymbolExists.c.o -c "/mnt/c/matrov/code from git/MATE-ROV/target/debug/build/expat-sys-40f6f729992e86ae/out/build/CMakeFiles/CMakeTmp/CheckSymbolExists.c"
/mnt/c/matrov/code from git/MATE-ROV/target/debug/build/expat-sys-40f6f729992e86ae/out/build/CMakeFiles/CMakeTmp/CheckSymbolExists.c: In function ‘main’:
/mnt/c/matrov/code from git/MATE-ROV/target/debug/build/expat-sys-40f6f729992e86ae/out/build/CMakeFiles/CMakeTmp/CheckSymbolExists.c:8:19: error: expected expression before ‘size_t’
    8 |   return ((int*)(&size_t))[argc];
      |                   ^~~~~~
gmake[1]: *** [CMakeFiles/cmTC_d7a59.dir/build.make:78: CMakeFiles/cmTC_d7a59.dir/CheckSymbolExists.c.o] Error 1
gmake[1]: Leaving directory '/mnt/c/matrov/code from git/MATE-ROV/target/debug/build/expat-sys-40f6f729992e86ae/out/build/CMakeFiles/CMakeTmp'
gmake: *** [Makefile:127: cmTC_d7a59/fast] Error 2


File /mnt/c/matrov/code from git/MATE-ROV/target/debug/build/expat-sys-40f6f729992e86ae/out/build/CMakeFiles/CMakeTmp/CheckSymbolExists.c:
/* */
#include <sys/types.h>

int main(int argc, char** argv)
{
  (void)argv;
#ifndef size_t
  return ((int*)(&size_t))[argc];
#else
  (void)argc;
  return 0;
#endif
}
